c:\users\alvyd\source\repos\filemanager\filemanager\x64\debug\filemanager.pch
c:\users\alvyd\source\repos\filemanager\filemanager\x64\debug\vc142.pdb
c:\users\alvyd\source\repos\filemanager\filemanager\x64\debug\pch.obj
c:\users\alvyd\source\repos\filemanager\filemanager\x64\debug\form1.obj
c:\users\alvyd\source\repos\filemanager\filemanager\x64\debug\cppclr_winformsprojekt.obj
c:\users\alvyd\source\repos\filemanager\filemanager\x64\debug\assemblyinfo.obj
c:\users\alvyd\source\repos\filemanager\filemanager\x64\debug\.netframework,version=v4.7.2.assemblyattributes.obj
c:\users\alvyd\source\repos\filemanager\filemanager\x64\debug\filemanager.form1.resources
c:\users\alvyd\source\repos\filemanager\x64\debug\filemanager.exe
c:\users\alvyd\source\repos\filemanager\x64\debug\filemanager.pdb
c:\users\alvyd\source\repos\filemanager\filemanager\x64\debug\app.res
c:\users\alvyd\source\repos\filemanager\filemanager\x64\debug\filemanager.tlog\cl.command.1.tlog
c:\users\alvyd\source\repos\filemanager\filemanager\x64\debug\filemanager.tlog\cl.read.1.tlog
c:\users\alvyd\source\repos\filemanager\filemanager\x64\debug\filemanager.tlog\cl.write.1.tlog
c:\users\alvyd\source\repos\filemanager\filemanager\x64\debug\filemanager.tlog\filemanager.write.1u.tlog
c:\users\alvyd\source\repos\filemanager\filemanager\x64\debug\filemanager.tlog\link.command.1.tlog
c:\users\alvyd\source\repos\filemanager\filemanager\x64\debug\filemanager.tlog\link.read.1.tlog
c:\users\alvyd\source\repos\filemanager\filemanager\x64\debug\filemanager.tlog\link.write.1.tlog
c:\users\alvyd\source\repos\filemanager\filemanager\x64\debug\filemanager.tlog\metagen.read.1.tlog
c:\users\alvyd\source\repos\filemanager\filemanager\x64\debug\filemanager.tlog\metagen.write.1.tlog
c:\users\alvyd\source\repos\filemanager\filemanager\x64\debug\filemanager.tlog\rc.command.1.tlog
c:\users\alvyd\source\repos\filemanager\filemanager\x64\debug\filemanager.tlog\rc.read.1.tlog
c:\users\alvyd\source\repos\filemanager\filemanager\x64\debug\filemanager.tlog\rc.write.1.tlog
